<?xml version="1.0" encoding="UTF-8"?>
<!-- Generated by org.testng.reporters.JUnitReportReporter -->
<testsuite hostname="DESKTOP-5PGD9M5" failures="0" tests="9" name="Runnerclass.run" time="335.101" errors="0" timestamp="2020-09-27T22:36:39 IST" skipped="0">
  <testcase classname="Runnerclass.run" name="runScenario" time="35.497"/>
  <system-out/>
  <testcase classname="Runnerclass.run" name="runScenario" time="26.189"/>
  <system-out/>
  <testcase classname="Runnerclass.run" name="runScenario" time="23.338"/>
  <system-out/>
  <testcase classname="Runnerclass.run" name="runScenario" time="36.375"/>
  <system-out/>
  <testcase classname="Runnerclass.run" name="runScenario" time="33.559"/>
  <system-out/>
  <testcase classname="Runnerclass.run" name="runScenario" time="66.311"/>
  <system-out/>
  <testcase classname="Runnerclass.run" name="runScenario" time="28.088"/>
  <system-out/>
  <testcase classname="Runnerclass.run" name="runScenario" time="25.099"/>
  <system-out/>
  <testcase classname="Runnerclass.run" name="runScenario" time="60.645"/>
  <system-out/>
</testsuite> <!-- Runnerclass.run -->
